[0.010s] Invoking command in '/home/lirj25/ros2tutorial/ws_topic/build/topic_tutor': AMENT_PREFIX_PATH=/home/lirj25/ros2tutorial/ws_topic/install/base_interfaces_demo:${AMENT_PREFIX_PATH} CMAKE_PREFIX_PATH=/home/lirj25/ros2tutorial/ws_topic/install/base_interfaces_demo:/opt/ros/humble LD_LIBRARY_PATH=/home/lirj25/ros2tutorial/ws_topic/install/base_interfaces_demo/lib:${LD_LIBRARY_PATH} PYTHONPATH=/home/lirj25/ros2tutorial/ws_topic/install/base_interfaces_demo/local/lib/python3.10/dist-packages:${PYTHONPATH} /usr/bin/cmake /home/lirj25/ros2tutorial/ws_topic/src/topic_tutor -DCMAKE_INSTALL_PREFIX=/home/lirj25/ros2tutorial/ws_topic/install/topic_tutor
[0.056s] -- The C compiler identification is GNU 11.4.0
[0.093s] -- The CXX compiler identification is GNU 11.4.0
[0.098s] -- Detecting C compiler ABI info
[0.149s] -- Detecting C compiler ABI info - done
[0.153s] -- Check for working C compiler: /usr/bin/cc - skipped
[0.154s] -- Detecting C compile features
[0.154s] -- Detecting C compile features - done
[0.156s] -- Detecting CXX compiler ABI info
[0.207s] -- Detecting CXX compiler ABI info - done
[0.212s] -- Check for working CXX compiler: /usr/bin/c++ - skipped
[0.212s] -- Detecting CXX compile features
[0.212s] -- Detecting CXX compile features - done
[0.215s] -- Found ament_cmake: 1.3.10 (/opt/ros/humble/share/ament_cmake/cmake)
[0.319s] -- Found Python3: /usr/bin/python3 (found version "3.10.12") found components: Interpreter 
[0.384s] -- Found rclcpp: 16.0.10 (/opt/ros/humble/share/rclcpp/cmake)
[0.408s] -- Found rosidl_generator_c: 3.1.5 (/opt/ros/humble/share/rosidl_generator_c/cmake)
[0.411s] -- Found rosidl_adapter: 3.1.5 (/opt/ros/humble/share/rosidl_adapter/cmake)
[0.417s] -- Found rosidl_generator_cpp: 3.1.5 (/opt/ros/humble/share/rosidl_generator_cpp/cmake)
[0.426s] -- Using all available rosidl_typesupport_c: rosidl_typesupport_fastrtps_c;rosidl_typesupport_introspection_c
[0.435s] -- Using all available rosidl_typesupport_cpp: rosidl_typesupport_fastrtps_cpp;rosidl_typesupport_introspection_cpp
[0.460s] -- Found rmw_implementation_cmake: 6.1.2 (/opt/ros/humble/share/rmw_implementation_cmake/cmake)
[0.461s] -- Found rmw_fastrtps_cpp: 6.2.7 (/opt/ros/humble/share/rmw_fastrtps_cpp/cmake)
[0.518s] -- Found OpenSSL: /usr/lib/x86_64-linux-gnu/libcrypto.so (found version "3.0.2")  
[0.535s] -- Found FastRTPS: /opt/ros/humble/include  
[0.560s] -- Using RMW implementation 'rmw_fastrtps_cpp' as default
[0.564s] -- Looking for pthread.h
[0.612s] -- Looking for pthread.h - found
[0.612s] -- Performing Test CMAKE_HAVE_LIBC_PTHREAD
[0.663s] -- Performing Test CMAKE_HAVE_LIBC_PTHREAD - Success
[0.664s] -- Found Threads: TRUE  
[0.696s] -- Found turtlesim: 1.4.2 (/opt/ros/humble/share/turtlesim/cmake)
[0.720s] -- Found base_interfaces_demo: 0.0.0 (/home/lirj25/ros2tutorial/ws_topic/install/base_interfaces_demo/share/base_interfaces_demo/cmake)
[0.727s] -- Found geometry_msgs: 4.2.4 (/opt/ros/humble/share/geometry_msgs/cmake)
[0.738s] -- Found rclcpp_action: 16.0.10 (/opt/ros/humble/share/rclcpp_action/cmake)
[0.746s] -- Found ament_lint_auto: 0.12.11 (/opt/ros/humble/share/ament_lint_auto/cmake)
[0.797s] -- Added test 'cppcheck' to perform static code analysis on C / C++ code
[0.797s] -- Configured cppcheck include dirs: $<BUILD_INTERFACE:/home/lirj25/ros2tutorial/ws_topic/src/topic_tutor/include>
[0.797s] -- Configured cppcheck exclude dirs and/or files: 
[0.797s] -- Added test 'flake8' to check Python code syntax and style conventions
[0.798s] -- Added test 'lint_cmake' to check CMake code style
[0.798s] -- Added test 'pep257' to check Python code against some of the docstring style conventions in PEP 257
[0.799s] -- Added test 'uncrustify' to check C / C++ code style
[0.799s] -- Configured uncrustify additional arguments: 
[0.799s] -- Added test 'xmllint' to check XML markup files
[0.800s] -- Configuring done
[0.806s] -- Generating done
[0.809s] -- Build files have been written to: /home/lirj25/ros2tutorial/ws_topic/build/topic_tutor
[0.815s] Invoked command in '/home/lirj25/ros2tutorial/ws_topic/build/topic_tutor' returned '0': AMENT_PREFIX_PATH=/home/lirj25/ros2tutorial/ws_topic/install/base_interfaces_demo:${AMENT_PREFIX_PATH} CMAKE_PREFIX_PATH=/home/lirj25/ros2tutorial/ws_topic/install/base_interfaces_demo:/opt/ros/humble LD_LIBRARY_PATH=/home/lirj25/ros2tutorial/ws_topic/install/base_interfaces_demo/lib:${LD_LIBRARY_PATH} PYTHONPATH=/home/lirj25/ros2tutorial/ws_topic/install/base_interfaces_demo/local/lib/python3.10/dist-packages:${PYTHONPATH} /usr/bin/cmake /home/lirj25/ros2tutorial/ws_topic/src/topic_tutor -DCMAKE_INSTALL_PREFIX=/home/lirj25/ros2tutorial/ws_topic/install/topic_tutor
[0.817s] Invoking command in '/home/lirj25/ros2tutorial/ws_topic/build/topic_tutor': AMENT_PREFIX_PATH=/home/lirj25/ros2tutorial/ws_topic/install/base_interfaces_demo:${AMENT_PREFIX_PATH} CMAKE_PREFIX_PATH=/home/lirj25/ros2tutorial/ws_topic/install/base_interfaces_demo:/opt/ros/humble LD_LIBRARY_PATH=/home/lirj25/ros2tutorial/ws_topic/install/base_interfaces_demo/lib:${LD_LIBRARY_PATH} PYTHONPATH=/home/lirj25/ros2tutorial/ws_topic/install/base_interfaces_demo/local/lib/python3.10/dist-packages:${PYTHONPATH} /usr/bin/cmake --build /home/lirj25/ros2tutorial/ws_topic/build/topic_tutor -- -j20 -l20
[0.853s] [ 50%] [32mBuilding CXX object CMakeFiles/topic_pub_sub.dir/src/topic_pub_sub.cpp.o[0m
[2.504s] [100%] [32m[1mLinking CXX executable topic_pub_sub[0m
[2.606s] /usr/bin/ld: /usr/lib/gcc/x86_64-linux-gnu/11/../../../x86_64-linux-gnu/Scrt1.o: in function `_start':
[2.607s] (.text+0x1b): undefined reference to `main'
[2.609s] collect2: error: ld returned 1 exit status
[2.610s] gmake[2]: *** [CMakeFiles/topic_pub_sub.dir/build.make:201: topic_pub_sub] Error 1
[2.610s] gmake[1]: *** [CMakeFiles/Makefile2:137: CMakeFiles/topic_pub_sub.dir/all] Error 2
[2.610s] gmake: *** [Makefile:146: all] Error 2
[2.612s] Invoked command in '/home/lirj25/ros2tutorial/ws_topic/build/topic_tutor' returned '2': AMENT_PREFIX_PATH=/home/lirj25/ros2tutorial/ws_topic/install/base_interfaces_demo:${AMENT_PREFIX_PATH} CMAKE_PREFIX_PATH=/home/lirj25/ros2tutorial/ws_topic/install/base_interfaces_demo:/opt/ros/humble LD_LIBRARY_PATH=/home/lirj25/ros2tutorial/ws_topic/install/base_interfaces_demo/lib:${LD_LIBRARY_PATH} PYTHONPATH=/home/lirj25/ros2tutorial/ws_topic/install/base_interfaces_demo/local/lib/python3.10/dist-packages:${PYTHONPATH} /usr/bin/cmake --build /home/lirj25/ros2tutorial/ws_topic/build/topic_tutor -- -j20 -l20
